<?xml version="1.0" encoding="UTF-8"?>
<!-- Generated by org.testng.reporters.JUnitXMLReporter -->
<testsuite ignored="0" hostname="DESKTOP-SQDPO82" failures="0" tests="3" name="Executing in Firefox" time="16.038" errors="0" timestamp="2024-11-20T20:30:36 IST">
  <testcase classname="com.sevenrmartsupermart.tests.LoginTest" name="verifyAdminUserLogin" time="0.0">
    <skipped/>
  </testcase> <!-- verifyAdminUserLogin -->
  <testcase classname="com.sevenrmartsupermart.tests.LoginTest" name="verifyInvalidLogin" time="0.0">
    <skipped/>
  </testcase> <!-- verifyInvalidLogin -->
  <testcase classname="com.sevenrmartsupermart.tests.LoginTest" name="verifySignInButtonEnabled" time="0.0">
    <skipped/>
  </testcase> <!-- verifySignInButtonEnabled -->
</testsuite> <!-- Executing in Firefox -->
