<?xml version="1.0" encoding="UTF-8"?>
<!-- Generated by org.testng.reporters.JUnitXMLReporter -->
<testsuite ignored="6" hostname="DESKTOP-SQDPO82" failures="0" tests="1" name="SmokeTest" time="19.52" errors="0" timestamp="2024-11-21T19:58:17 IST">
  <testcase classname="com.sevenrmartsupermart.tests.SubCategoryTest" name="verifySubCategorySearch" time="4.608"/>
  <testcase classname="com.sevenrmartsupermart.tests.SubCategoryTest" name="verifyInvalidSubCategorySearch" time="0.0">
    <ignored/>
  </testcase> <!-- verifyInvalidSubCategorySearch -->
  <testcase classname="com.sevenrmartsupermart.tests.SubCategoryTest" name="VerifySearchDataProvider" time="0.0">
    <ignored/>
  </testcase> <!-- VerifySearchDataProvider -->
  <testcase classname="com.sevenrmartsupermart.tests.LoginTest" name="verifyInvalidLogin" time="0.0">
    <ignored/>
  </testcase> <!-- verifyInvalidLogin -->
  <testcase classname="com.sevenrmartsupermart.tests.LoginTest" name="verifySignInButtonEnabled" time="0.0">
    <ignored/>
  </testcase> <!-- verifySignInButtonEnabled -->
  <testcase classname="com.sevenrmartsupermart.tests.LoginTest" name="verifyAdminUserLogin" time="0.0">
    <ignored/>
  </testcase> <!-- verifyAdminUserLogin -->
  <testcase classname="com.sevenrmartsupermart.tests.SubCategoryTest" name="verifyAddNewSubCategory" time="0.0">
    <ignored/>
  </testcase> <!-- verifyAddNewSubCategory -->
</testsuite> <!-- SmokeTest -->
