# JRE version: Java(TM) SE Runtime Environment (17.0.11+7) (build 17.0.11+7-LTS-207)
# Java VM: Java HotSpot(TM) 64-Bit Server VM (17.0.11+7-LTS-207, mixed mode, sharing, tiered, compressed oops, compressed class ptrs, g1 gc, windows-amd64)
GC Precious Log:
 CPUs: 4 total, 4 available
 Memory: 4027M
 Large Page Support: Disabled
 NUMA Support: Disabled
 Compressed Oops: Enabled (32-bit)
 Heap Region Size: 1M
 Heap Min Capacity: 8M
 Heap Initial Capacity: 64M
 Heap Max Capacity: 1008M
 Pre-touch: Disabled
 Parallel Workers: 4
 Concurrent Workers: 1
 Concurrent Refinement Workers: 4
 Periodic GC: Disabled
Heap:
 garbage-first heap   total 65536K, used 22085K [0x00000000c1000000, 0x0000000100000000)
  region size 1024K, 9 young (9216K), 4 survivors (4096K)
 Metaspace       used 17721K, committed 18048K, reserved 1114112K
  class space    used 2083K, committed 2240K, reserved 1048576K
GC Heap History (8 events):
Event: 2.153 GC heap before
{Heap before GC invocations=0 (full 0):
 garbage-first heap   total 65536K, used 14336K [0x00000000c1000000, 0x0000000100000000)
  region size 1024K, 13 young (13312K), 0 survivors (0K)
 Metaspace       used 2067K, committed 2176K, reserved 1114112K
  class space    used 196K, committed 256K, reserved 1048576K
}
Event: 2.168 GC heap after
{Heap after GC invocations=1 (full 0):
 garbage-first heap   total 65536K, used 8137K [0x00000000c1000000, 0x0000000100000000)
  region size 1024K, 2 young (2048K), 2 survivors (2048K)
 Metaspace       used 2067K, committed 2176K, reserved 1114112K
  class space    used 196K, committed 256K, reserved 1048576K
}
Event: 4.035 GC heap before
{Heap before GC invocations=1 (full 0):
 garbage-first heap   total 65536K, used 16329K [0x00000000c1000000, 0x0000000100000000)
  region size 1024K, 11 young (11264K), 2 survivors (2048K)
 Metaspace       used 6417K, committed 6592K, reserved 1114112K
  class space    used 715K, committed 832K, reserved 1048576K
}
Event: 4.042 GC heap after
{Heap after GC invocations=2 (full 0):
 garbage-first heap   total 65536K, used 9263K [0x00000000c1000000, 0x0000000100000000)
  region size 1024K, 2 young (2048K), 2 survivors (2048K)
 Metaspace       used 6417K, committed 6592K, reserved 1114112K
  class space    used 715K, committed 832K, reserved 1048576K
}
Event: 6.708 GC heap before
{Heap before GC invocations=2 (full 0):
 garbage-first heap   total 65536K, used 28719K [0x00000000c1000000, 0x0000000100000000)
  region size 1024K, 21 young (21504K), 2 survivors (2048K)
 Metaspace       used 11725K, committed 12032K, reserved 1114112K
  class space    used 1327K, committed 1472K, reserved 1048576K
}
Event: 6.723 GC heap after
{Heap after GC invocations=3 (full 0):
 garbage-first heap   total 65536K, used 12995K [0x00000000c1000000, 0x0000000100000000)
  region size 1024K, 3 young (3072K), 3 survivors (3072K)
 Metaspace       used 11725K, committed 12032K, reserved 1114112K
  class space    used 1327K, committed 1472K, reserved 1048576K
}
Event: 8.557 GC heap before
{Heap before GC invocations=3 (full 0):
 garbage-first heap   total 65536K, used 37571K [0x00000000c1000000, 0x0000000100000000)
  region size 1024K, 27 young (27648K), 3 survivors (3072K)
 Metaspace       used 15799K, committed 16128K, reserved 1114112K
  class space    used 1802K, committed 1920K, reserved 1048576K
}
Event: 8.584 GC heap after
{Heap after GC invocations=4 (full 0):
 garbage-first heap   total 65536K, used 17989K [0x00000000c1000000, 0x0000000100000000)
  region size 1024K, 4 young (4096K), 4 survivors (4096K)
 Metaspace       used 15799K, committed 16128K, reserved 1114112K
  class space    used 1802K, committed 1920K, reserved 1048576K
}

